-------------------------------------------------------------------------------
Test set: allaboutecm.model.MusicianUnitTest
-------------------------------------------------------------------------------
Tests run: 2, Failures: 1, Errors: 0, Skipped: 0, Time elapsed: 0.012 s <<< FAILURE! - in allaboutecm.model.MusicianUnitTest
allaboutecm.model.MusicianUnitTest.musicianNameMustBeAName  Time elapsed: 0.006 s  <<< FAILURE!
org.opentest4j.AssertionFailedError: Expected java.lang.IllegalArgumentException to be thrown, but nothing was thrown.
	at allaboutecm.model.MusicianUnitTest.musicianNameMustBeAName(MusicianUnitTest.java:27)

