-------------------------------------------------------------------------------
Test set: allaboutecm.model.AlbumUnitTest
-------------------------------------------------------------------------------
Tests run: 13, Failures: 8, Errors: 0, Skipped: 0, Time elapsed: 0.132 s <<< FAILURE! - in allaboutecm.model.AlbumUnitTest
allaboutecm.model.AlbumUnitTest.FeaturedMusiciansCannotBeNull  Time elapsed: 0.033 s  <<< FAILURE!
org.opentest4j.AssertionFailedError: Expected java.lang.IllegalArgumentException to be thrown, but nothing was thrown.
	at allaboutecm.model.AlbumUnitTest.FeaturedMusiciansCannotBeNull(AlbumUnitTest.java:72)

allaboutecm.model.AlbumUnitTest.TracksCannotBeNull  Time elapsed: 0.002 s  <<< FAILURE!
org.opentest4j.AssertionFailedError: Expected java.lang.IllegalArgumentException to be thrown, but nothing was thrown.
	at allaboutecm.model.AlbumUnitTest.TracksCannotBeNull(AlbumUnitTest.java:65)

allaboutecm.model.AlbumUnitTest.TracksCannotBeBlank  Time elapsed: 0.001 s  <<< FAILURE!
org.opentest4j.AssertionFailedError: Expected java.lang.IllegalArgumentException to be thrown, but nothing was thrown.
	at allaboutecm.model.AlbumUnitTest.TracksCannotBeBlank(AlbumUnitTest.java:58)

allaboutecm.model.AlbumUnitTest.releaseYearMustBeFourDigitalNumber(int)[1]  Time elapsed: 0.021 s  <<< FAILURE!
org.opentest4j.AssertionFailedError: Expected java.lang.IllegalArgumentException to be thrown, but nothing was thrown.
	at allaboutecm.model.AlbumUnitTest.releaseYearMustBeFourDigitalNumber(AlbumUnitTest.java:49)

allaboutecm.model.AlbumUnitTest.releaseYearMustBeFourDigitalNumber(int)[2]  Time elapsed: 0.003 s  <<< FAILURE!
org.opentest4j.AssertionFailedError: Expected java.lang.IllegalArgumentException to be thrown, but nothing was thrown.
	at allaboutecm.model.AlbumUnitTest.releaseYearMustBeFourDigitalNumber(AlbumUnitTest.java:49)

allaboutecm.model.AlbumUnitTest.InstrumentsCannotBeNull  Time elapsed: 0.002 s  <<< FAILURE!
org.opentest4j.AssertionFailedError: Expected java.lang.IllegalArgumentException to be thrown, but nothing was thrown.
	at allaboutecm.model.AlbumUnitTest.InstrumentsCannotBeNull(AlbumUnitTest.java:79)

allaboutecm.model.AlbumUnitTest.recordNumberStartWithECM(String)[1]  Time elapsed: 0.001 s  <<< FAILURE!
org.opentest4j.AssertionFailedError: Expected java.lang.IllegalArgumentException to be thrown, but nothing was thrown.
	at allaboutecm.model.AlbumUnitTest.recordNumberStartWithECM(AlbumUnitTest.java:42)

allaboutecm.model.AlbumUnitTest.recordNumberStartWithECM(String)[2]  Time elapsed: 0 s  <<< FAILURE!
org.opentest4j.AssertionFailedError: Expected java.lang.IllegalArgumentException to be thrown, but nothing was thrown.
	at allaboutecm.model.AlbumUnitTest.recordNumberStartWithECM(AlbumUnitTest.java:42)

