-------------------------------------------------------------------------------
Test set: allaboutecm.model.MusicalInstrumentUnitTest
-------------------------------------------------------------------------------
Tests run: 4, Failures: 3, Errors: 0, Skipped: 0, Time elapsed: 0.041 s <<< FAILURE! - in allaboutecm.model.MusicalInstrumentUnitTest
allaboutecm.model.MusicalInstrumentUnitTest.albumNameCannotBeNull(String)[1]  Time elapsed: 0.007 s  <<< FAILURE!
org.opentest4j.AssertionFailedError: Expected java.lang.IllegalArgumentException to be thrown, but nothing was thrown.
	at allaboutecm.model.MusicalInstrumentUnitTest.albumNameCannotBeNull(MusicalInstrumentUnitTest.java:29)

allaboutecm.model.MusicalInstrumentUnitTest.albumNameCannotBeNull(String)[2]  Time elapsed: 0.004 s  <<< FAILURE!
org.opentest4j.AssertionFailedError: Expected java.lang.IllegalArgumentException to be thrown, but nothing was thrown.
	at allaboutecm.model.MusicalInstrumentUnitTest.albumNameCannotBeNull(MusicalInstrumentUnitTest.java:29)

allaboutecm.model.MusicalInstrumentUnitTest.albumNameCannotBeNull(String)[3]  Time elapsed: 0.003 s  <<< FAILURE!
org.opentest4j.AssertionFailedError: Expected java.lang.IllegalArgumentException to be thrown, but nothing was thrown.
	at allaboutecm.model.MusicalInstrumentUnitTest.albumNameCannotBeNull(MusicalInstrumentUnitTest.java:29)

