-------------------------------------------------------------------------------
Test set: allaboutecm.model.MusicianInstrumentUnitTest
-------------------------------------------------------------------------------
Tests run: 4, Failures: 3, Errors: 0, Skipped: 0, Time elapsed: 0.018 s <<< FAILURE! - in allaboutecm.model.MusicianInstrumentUnitTest
allaboutecm.model.MusicianInstrumentUnitTest.musicianCannotBeNull  Time elapsed: 0.003 s  <<< FAILURE!
org.opentest4j.AssertionFailedError: Expected java.lang.IllegalArgumentException to be thrown, but nothing was thrown.
	at allaboutecm.model.MusicianInstrumentUnitTest.musicianCannotBeNull(MusicianInstrumentUnitTest.java:27)

allaboutecm.model.MusicianInstrumentUnitTest.musicianAndMusicianInstrumentCannotBeNull  Time elapsed: 0.002 s  <<< FAILURE!
org.opentest4j.AssertionFailedError: Expected java.lang.IllegalArgumentException to be thrown, but nothing was thrown.
	at allaboutecm.model.MusicianInstrumentUnitTest.musicianAndMusicianInstrumentCannotBeNull(MusicianInstrumentUnitTest.java:39)

allaboutecm.model.MusicianInstrumentUnitTest.musicianInstrumentCannotBeNull  Time elapsed: 0.002 s  <<< FAILURE!
org.opentest4j.AssertionFailedError: Expected java.lang.IllegalArgumentException to be thrown, but nothing was thrown.
	at allaboutecm.model.MusicianInstrumentUnitTest.musicianInstrumentCannotBeNull(MusicianInstrumentUnitTest.java:33)

