<?xml version="1.0" encoding="UTF-8"?>
<testsuite xmlns:xsi="http://www.w3.org/2001/XMLSchema-instance" xsi:noNamespaceSchemaLocation="https://maven.apache.org/surefire/maven-surefire-plugin/xsd/surefire-test-report-3.0.xsd" version="3.0" name="allaboutecm.model.MusicianUnitTest" time="0.008" tests="7" errors="0" skipped="0" failures="0">
  <properties>
[...]
</properties>
  <testcase name="setMusicianUrl" classname="allaboutecm.model.MusicianUnitTest" time="0"/>
  <testcase name="getName" classname="allaboutecm.model.MusicianUnitTest" time="0"/>
  <testcase name="setAlbums" classname="allaboutecm.model.MusicianUnitTest" time="0"/>
  <testcase name="getAlbums" classname="allaboutecm.model.MusicianUnitTest" time="0.002"/>
  <testcase name="testHashCode" classname="allaboutecm.model.MusicianUnitTest" time="0"/>
  <testcase name="getMusicianUrl" classname="allaboutecm.model.MusicianUnitTest" time="0.001"/>
  <testcase name="testEquals" classname="allaboutecm.model.MusicianUnitTest" time="0"/>
</testsuite>